mode: set
blogo\go\repository\ArticleRepository.go:26.13,29.16 3 1
blogo\go\repository\ArticleRepository.go:32.2,37.30 6 1
blogo\go\repository\ArticleRepository.go:29.16,31.3 1 0
blogo\go\repository\ArticleRepository.go:40.40,45.2 4 1
blogo\go\repository\ArticleRepository.go:47.80,48.20 1 1
blogo\go\repository\ArticleRepository.go:49.2,52.46 3 1
blogo\go\repository\ArticleRepository.go:55.5,57.29 3 1
blogo\go\repository\ArticleRepository.go:61.2,71.27 8 1
blogo\go\repository\ArticleRepository.go:48.20,48.35 1 0
blogo\go\repository\ArticleRepository.go:52.46,54.6 1 0
blogo\go\repository\ArticleRepository.go:57.29,59.3 1 1
blogo\go\repository\ArticleRepository.go:74.43,85.2 5 1
blogo\go\repository\ArticleRepository.go:86.49,97.2 7 1
blogo\go\repository\ArticleRepository.go:99.51,102.2 2 1
blogo\go\repository\ArticleRepository.go:104.18,108.2 3 1
blogo\go\repository\ArticleRepository.go:110.28,112.2 1 1
blogo\go\repository\ArticleRepository.go:114.26,115.16 1 1
blogo\go\repository\ArticleRepository.go:115.16,117.3 1 0
blogo\go\repository\ArticleRepository.go:120.24,122.26 2 1
blogo\go\repository\ArticleRepository.go:122.26,128.3 5 1
blogo\go\repository\ArticleRepository.go:131.17,133.2 1 1
