mode: set
blogo\go\repository\ArticleRepository.go:23.13,26.16 3 1
blogo\go\repository\ArticleRepository.go:29.2,34.30 6 1
blogo\go\repository\ArticleRepository.go:26.16,28.3 1 0
blogo\go\repository\ArticleRepository.go:37.40,42.2 4 1
blogo\go\repository\ArticleRepository.go:44.43,48.2 3 1
blogo\go\repository\ArticleRepository.go:49.49,60.2 7 1
blogo\go\repository\ArticleRepository.go:62.51,65.2 2 1
blogo\go\repository\ArticleRepository.go:67.28,69.2 1 1
blogo\go\repository\ArticleRepository.go:71.26,72.16 1 1
blogo\go\repository\ArticleRepository.go:72.16,74.3 1 0
